2023-08-14 12:11:49.315 [info] Log level: Info
2023-08-14 12:11:49.315 [info] Validating found git in: "git"
2023-08-14 12:11:49.315 [info] Using git "2.34.1" from "git"
2023-08-14 12:11:49.315 [info] > git rev-parse --show-toplevel [21ms]
2023-08-14 12:11:49.315 [info] fatal: not a git repository (or any of the parent directories): .git
2023-08-14 12:11:49.318 [info] > git rev-parse --show-toplevel [8ms]
2023-08-14 12:11:49.628 [info] > git rev-parse --git-dir --git-common-dir [2ms]
2023-08-14 12:11:49.637 [info] Open repository: /home/alice
2023-08-14 12:11:49.959 [info] > git config --get commit.template [13ms]
2023-08-14 12:11:50.252 [info] > git for-each-ref --format=%(refname)%00%(upstream:short)%00%(objectname)%00%(upstream:track)%00%(upstream:remotename)%00%(upstream:remoteref) refs/heads/master refs/remotes/master [12ms]
2023-08-14 12:11:50.870 [info] > git status -z -uall [318ms]
2023-08-14 12:11:50.870 [info] > git check-ignore -v -z --stdin [5ms]
2023-08-14 12:11:51.188 [info] > git config --get commit.template [12ms]
2023-08-14 12:11:51.501 [info] > git for-each-ref --format=%(refname)%00%(upstream:short)%00%(objectname)%00%(upstream:track)%00%(upstream:remotename)%00%(upstream:remoteref) refs/heads/master refs/remotes/master [4ms]
2023-08-14 12:11:51.852 [info] > git status -z -uall [49ms]
2023-08-14 12:11:54.446 [info] > git rev-parse --show-toplevel [132ms]
2023-08-14 12:11:54.446 [info] fatal: not a git repository (or any of the parent directories): .git
2023-08-14 12:11:57.570 [info] > git check-ignore -v -z --stdin [4ms]
2023-08-14 12:11:59.513 [info] > git config --get commit.template [65ms]
2023-08-14 12:11:59.515 [info] > git for-each-ref --format=%(refname)%00%(upstream:short)%00%(objectname)%00%(upstream:track)%00%(upstream:remotename)%00%(upstream:remoteref) refs/heads/master refs/remotes/master [4ms]
2023-08-14 12:11:59.642 [info] > git status -z -uall [62ms]
2023-08-14 12:12:03.371 [info] > git rev-parse --show-toplevel [3ms]
2023-08-14 12:12:03.371 [info] fatal: not a git repository (or any of the parent directories): .git
2023-08-14 12:12:03.893 [info] > git check-ignore -v -z --stdin [5ms]
2023-08-14 12:12:05.209 [info] > git config --get commit.template [294ms]
2023-08-14 12:12:05.211 [info] > git for-each-ref --format=%(refname)%00%(upstream:short)%00%(objectname)%00%(upstream:track)%00%(upstream:remotename)%00%(upstream:remoteref) refs/heads/master refs/remotes/master [4ms]
2023-08-14 12:12:05.558 [info] > git status -z -uall [51ms]
2023-08-14 12:12:11.111 [info] > git config --get commit.template [270ms]
2023-08-14 12:12:11.113 [info] > git for-each-ref --format=%(refname)%00%(upstream:short)%00%(objectname)%00%(upstream:track)%00%(upstream:remotename)%00%(upstream:remoteref) refs/heads/master refs/remotes/master [4ms]
2023-08-14 12:12:11.434 [info] > git status -z -uall [48ms]
2023-08-14 12:12:22.604 [info] > git config --get commit.template [299ms]
2023-08-14 12:12:22.607 [info] > git for-each-ref --format=%(refname)%00%(upstream:short)%00%(objectname)%00%(upstream:track)%00%(upstream:remotename)%00%(upstream:remoteref) refs/heads/master refs/remotes/master [3ms]
2023-08-14 12:12:22.964 [info] > git status -z -uall [51ms]
2023-08-14 12:12:28.532 [info] > git config --get commit.template [283ms]
2023-08-14 12:12:28.533 [info] > git for-each-ref --format=%(refname)%00%(upstream:short)%00%(objectname)%00%(upstream:track)%00%(upstream:remotename)%00%(upstream:remoteref) refs/heads/master refs/remotes/master [5ms]
2023-08-14 12:12:28.846 [info] > git status -z -uall [49ms]
2023-08-14 12:12:34.390 [info] > git config --get commit.template [273ms]
2023-08-14 12:12:34.392 [info] > git for-each-ref --format=%(refname)%00%(upstream:short)%00%(objectname)%00%(upstream:track)%00%(upstream:remotename)%00%(upstream:remoteref) refs/heads/master refs/remotes/master [4ms]
2023-08-14 12:12:34.738 [info] > git status -z -uall [51ms]
2023-08-14 12:12:40.301 [info] > git config --get commit.template [294ms]
2023-08-14 12:12:40.302 [info] > git for-each-ref --format=%(refname)%00%(upstream:short)%00%(objectname)%00%(upstream:track)%00%(upstream:remotename)%00%(upstream:remoteref) refs/heads/master refs/remotes/master [5ms]
2023-08-14 12:12:40.652 [info] > git status -z -uall [52ms]
2023-08-14 12:12:45.930 [info] > git config --get commit.template [4ms]
2023-08-14 12:12:46.215 [info] > git for-each-ref --format=%(refname)%00%(upstream:short)%00%(objectname)%00%(upstream:track)%00%(upstream:remotename)%00%(upstream:remoteref) refs/heads/master refs/remotes/master [8ms]
2023-08-14 12:12:46.559 [info] > git status -z -uall [51ms]
2023-08-14 12:12:51.846 [info] > git config --get commit.template [14ms]
2023-08-14 12:12:52.140 [info] > git for-each-ref --format=%(refname)%00%(upstream:short)%00%(objectname)%00%(upstream:track)%00%(upstream:remotename)%00%(upstream:remoteref) refs/heads/master refs/remotes/master [4ms]
2023-08-14 12:12:52.487 [info] > git status -z -uall [52ms]
2023-08-14 12:12:57.721 [info] > git config --get commit.template [63ms]
2023-08-14 12:12:57.724 [info] > git for-each-ref --format=%(refname)%00%(upstream:short)%00%(objectname)%00%(upstream:track)%00%(upstream:remotename)%00%(upstream:remoteref) refs/heads/master refs/remotes/master [4ms]
2023-08-14 12:12:57.860 [info] > git status -z -uall [65ms]
2023-08-14 12:13:03.430 [info] > git config --get commit.template [301ms]
2023-08-14 12:13:03.431 [info] > git for-each-ref --format=%(refname)%00%(upstream:short)%00%(objectname)%00%(upstream:track)%00%(upstream:remotename)%00%(upstream:remoteref) refs/heads/master refs/remotes/master [6ms]
2023-08-14 12:13:03.778 [info] > git status -z -uall [52ms]
2023-08-14 12:13:09.345 [info] > git config --get commit.template [291ms]
2023-08-14 12:13:09.346 [info] > git for-each-ref --format=%(refname)%00%(upstream:short)%00%(objectname)%00%(upstream:track)%00%(upstream:remotename)%00%(upstream:remoteref) refs/heads/master refs/remotes/master [6ms]
2023-08-14 12:13:09.688 [info] > git status -z -uall [51ms]
2023-08-14 12:13:15.254 [info] > git config --get commit.template [288ms]
2023-08-14 12:13:15.254 [info] > git for-each-ref --format=%(refname)%00%(upstream:short)%00%(objectname)%00%(upstream:track)%00%(upstream:remotename)%00%(upstream:remoteref) refs/heads/master refs/remotes/master [4ms]
2023-08-14 12:13:15.599 [info] > git status -z -uall [52ms]
2023-08-14 12:13:21.179 [info] > git config --get commit.template [296ms]
2023-08-14 12:13:21.182 [info] > git for-each-ref --format=%(refname)%00%(upstream:short)%00%(objectname)%00%(upstream:track)%00%(upstream:remotename)%00%(upstream:remoteref) refs/heads/master refs/remotes/master [3ms]
2023-08-14 12:13:21.525 [info] > git status -z -uall [50ms]
2023-08-14 12:13:27.122 [info] > git config --get commit.template [293ms]
2023-08-14 12:13:27.125 [info] > git for-each-ref --format=%(refname)%00%(upstream:short)%00%(objectname)%00%(upstream:track)%00%(upstream:remotename)%00%(upstream:remoteref) refs/heads/master refs/remotes/master [4ms]
2023-08-14 12:13:27.468 [info] > git status -z -uall [51ms]
2023-08-14 12:13:33.017 [info] > git config --get commit.template [269ms]
2023-08-14 12:13:33.019 [info] > git for-each-ref --format=%(refname)%00%(upstream:short)%00%(objectname)%00%(upstream:track)%00%(upstream:remotename)%00%(upstream:remoteref) refs/heads/master refs/remotes/master [3ms]
2023-08-14 12:13:33.345 [info] > git status -z -uall [51ms]
2023-08-14 12:13:42.272 [info] > git config --get commit.template [5ms]
2023-08-14 12:13:42.563 [info] > git for-each-ref --format=%(refname)%00%(upstream:short)%00%(objectname)%00%(upstream:track)%00%(upstream:remotename)%00%(upstream:remoteref) refs/heads/master refs/remotes/master [7ms]
2023-08-14 12:13:42.890 [info] > git status -z -uall [51ms]
2023-08-14 12:13:48.442 [info] > git config --get commit.template [274ms]
2023-08-14 12:13:48.443 [info] > git for-each-ref --format=%(refname)%00%(upstream:short)%00%(objectname)%00%(upstream:track)%00%(upstream:remotename)%00%(upstream:remoteref) refs/heads/master refs/remotes/master [4ms]
2023-08-14 12:13:48.772 [info] > git status -z -uall [50ms]
2023-08-14 12:13:54.367 [info] > git config --get commit.template [312ms]
2023-08-14 12:13:54.368 [info] > git for-each-ref --format=%(refname)%00%(upstream:short)%00%(objectname)%00%(upstream:track)%00%(upstream:remotename)%00%(upstream:remoteref) refs/heads/master refs/remotes/master [4ms]
2023-08-14 12:13:54.704 [info] > git status -z -uall [49ms]
2023-08-14 12:14:00.285 [info] > git config --get commit.template [299ms]
2023-08-14 12:14:00.287 [info] > git for-each-ref --format=%(refname)%00%(upstream:short)%00%(objectname)%00%(upstream:track)%00%(upstream:remotename)%00%(upstream:remoteref) refs/heads/master refs/remotes/master [3ms]
2023-08-14 12:14:00.624 [info] > git status -z -uall [49ms]
2023-08-14 12:14:06.187 [info] > git for-each-ref --format=%(refname)%00%(upstream:short)%00%(objectname)%00%(upstream:track)%00%(upstream:remotename)%00%(upstream:remoteref) refs/heads/master refs/remotes/master [4ms]
2023-08-14 12:14:06.187 [info] > git config --get commit.template [292ms]
2023-08-14 12:14:06.784 [info] > git status -z -uall [295ms]
2023-08-14 12:14:12.340 [info] > git config --get commit.template [282ms]
2023-08-14 12:14:12.343 [info] > git for-each-ref --format=%(refname)%00%(upstream:short)%00%(objectname)%00%(upstream:track)%00%(upstream:remotename)%00%(upstream:remoteref) refs/heads/master refs/remotes/master [3ms]
2023-08-14 12:14:12.670 [info] > git status -z -uall [49ms]
2023-08-14 12:14:18.221 [info] > git config --get commit.template [274ms]
2023-08-14 12:14:18.222 [info] > git for-each-ref --format=%(refname)%00%(upstream:short)%00%(objectname)%00%(upstream:track)%00%(upstream:remotename)%00%(upstream:remoteref) refs/heads/master refs/remotes/master [4ms]
2023-08-14 12:14:18.545 [info] > git status -z -uall [51ms]
2023-08-14 12:14:24.094 [info] > git config --get commit.template [277ms]
2023-08-14 12:14:24.096 [info] > git for-each-ref --format=%(refname)%00%(upstream:short)%00%(objectname)%00%(upstream:track)%00%(upstream:remotename)%00%(upstream:remoteref) refs/heads/master refs/remotes/master [4ms]
2023-08-14 12:14:24.415 [info] > git status -z -uall [48ms]
2023-08-14 12:14:29.960 [info] > git config --get commit.template [269ms]
2023-08-14 12:14:29.963 [info] > git for-each-ref --format=%(refname)%00%(upstream:short)%00%(objectname)%00%(upstream:track)%00%(upstream:remotename)%00%(upstream:remoteref) refs/heads/master refs/remotes/master [4ms]
2023-08-14 12:14:30.305 [info] > git status -z -uall [50ms]
2023-08-14 12:14:35.612 [info] > git config --get commit.template [65ms]
2023-08-14 12:14:35.615 [info] > git for-each-ref --format=%(refname)%00%(upstream:short)%00%(objectname)%00%(upstream:track)%00%(upstream:remotename)%00%(upstream:remoteref) refs/heads/master refs/remotes/master [4ms]
2023-08-14 12:14:35.752 [info] > git status -z -uall [65ms]
2023-08-14 12:14:41.332 [info] > git config --get commit.template [295ms]
2023-08-14 12:14:41.334 [info] > git for-each-ref --format=%(refname)%00%(upstream:short)%00%(objectname)%00%(upstream:track)%00%(upstream:remotename)%00%(upstream:remoteref) refs/heads/master refs/remotes/master [4ms]
2023-08-14 12:14:41.656 [info] > git status -z -uall [48ms]
2023-08-14 12:14:47.217 [info] > git config --get commit.template [279ms]
2023-08-14 12:14:47.220 [info] > git for-each-ref --format=%(refname)%00%(upstream:short)%00%(objectname)%00%(upstream:track)%00%(upstream:remotename)%00%(upstream:remoteref) refs/heads/master refs/remotes/master [4ms]
2023-08-14 12:14:47.539 [info] > git status -z -uall [51ms]
2023-08-14 12:14:53.088 [info] > git config --get commit.template [276ms]
2023-08-14 12:14:53.091 [info] > git for-each-ref --format=%(refname)%00%(upstream:short)%00%(objectname)%00%(upstream:track)%00%(upstream:remotename)%00%(upstream:remoteref) refs/heads/master refs/remotes/master [4ms]
2023-08-14 12:14:53.427 [info] > git status -z -uall [50ms]
2023-08-14 12:14:59.008 [info] > git config --get commit.template [294ms]
2023-08-14 12:14:59.010 [info] > git for-each-ref --format=%(refname)%00%(upstream:short)%00%(objectname)%00%(upstream:track)%00%(upstream:remotename)%00%(upstream:remoteref) refs/heads/master refs/remotes/master [3ms]
2023-08-14 12:14:59.354 [info] > git status -z -uall [50ms]
2023-08-14 12:15:20.509 [info] > git config --get commit.template [321ms]
2023-08-14 12:15:20.512 [info] > git for-each-ref --format=%(refname)%00%(upstream:short)%00%(objectname)%00%(upstream:track)%00%(upstream:remotename)%00%(upstream:remoteref) refs/heads/master refs/remotes/master [4ms]
2023-08-14 12:15:20.892 [info] > git status -z -uall [68ms]
2023-08-14 12:15:26.456 [info] > git config --get commit.template [285ms]
2023-08-14 12:15:26.459 [info] > git for-each-ref --format=%(refname)%00%(upstream:short)%00%(objectname)%00%(upstream:track)%00%(upstream:remotename)%00%(upstream:remoteref) refs/heads/master refs/remotes/master [4ms]
2023-08-14 12:15:26.786 [info] > git status -z -uall [50ms]
2023-08-14 12:18:52.336 [info] > git config --get commit.template [296ms]
2023-08-14 12:18:52.339 [info] > git for-each-ref --format=%(refname)%00%(upstream:short)%00%(objectname)%00%(upstream:track)%00%(upstream:remotename)%00%(upstream:remoteref) refs/heads/master refs/remotes/master [3ms]
2023-08-14 12:18:52.715 [info] > git status -z -uall [69ms]
2023-08-14 12:19:07.451 [info] > git config --get commit.template [288ms]
2023-08-14 12:19:07.454 [info] > git for-each-ref --format=%(refname)%00%(upstream:short)%00%(objectname)%00%(upstream:track)%00%(upstream:remotename)%00%(upstream:remoteref) refs/heads/master refs/remotes/master [4ms]
2023-08-14 12:19:07.809 [info] > git status -z -uall [52ms]
2023-08-14 12:19:20.859 [info] > git config --get commit.template [286ms]
2023-08-14 12:19:20.862 [info] > git for-each-ref --format=%(refname)%00%(upstream:short)%00%(objectname)%00%(upstream:track)%00%(upstream:remotename)%00%(upstream:remoteref) refs/heads/master refs/remotes/master [4ms]
2023-08-14 12:19:21.195 [info] > git status -z -uall [52ms]
2023-08-14 12:20:03.863 [info] > git config --get commit.template [307ms]
2023-08-14 12:20:03.864 [info] > git for-each-ref --format=%(refname)%00%(upstream:short)%00%(objectname)%00%(upstream:track)%00%(upstream:remotename)%00%(upstream:remoteref) refs/heads/master refs/remotes/master [4ms]
2023-08-14 12:20:04.213 [info] > git status -z -uall [52ms]
2023-08-14 12:43:54.162 [info] > git config --get commit.template [304ms]
2023-08-14 12:43:54.165 [info] > git for-each-ref --format=%(refname)%00%(upstream:short)%00%(objectname)%00%(upstream:track)%00%(upstream:remotename)%00%(upstream:remoteref) refs/heads/master refs/remotes/master [4ms]
2023-08-14 12:43:54.614 [info] > git status -z -uall [148ms]
2023-08-14 12:44:06.760 [info] > git config --get commit.template [266ms]
2023-08-14 12:44:06.763 [info] > git for-each-ref --format=%(refname)%00%(upstream:short)%00%(objectname)%00%(upstream:track)%00%(upstream:remotename)%00%(upstream:remoteref) refs/heads/master refs/remotes/master [3ms]
2023-08-14 12:44:07.079 [info] > git status -z -uall [46ms]
2023-08-14 12:47:13.946 [info] > git config --get commit.template [63ms]
2023-08-14 12:47:13.949 [info] > git for-each-ref --format=%(refname)%00%(upstream:short)%00%(objectname)%00%(upstream:track)%00%(upstream:remotename)%00%(upstream:remoteref) refs/heads/master refs/remotes/master [5ms]
2023-08-14 12:47:14.073 [info] > git status -z -uall [61ms]
2023-08-14 13:03:12.075 [info] > git config --get commit.template [297ms]
2023-08-14 13:03:12.079 [info] > git for-each-ref --format=%(refname)%00%(upstream:short)%00%(objectname)%00%(upstream:track)%00%(upstream:remotename)%00%(upstream:remoteref) refs/heads/master refs/remotes/master [6ms]
2023-08-14 13:03:12.467 [info] > git status -z -uall [86ms]
2023-08-14 13:03:20.084 [info] > git config --get commit.template [273ms]
2023-08-14 13:03:20.087 [info] > git for-each-ref --format=%(refname)%00%(upstream:short)%00%(objectname)%00%(upstream:track)%00%(upstream:remotename)%00%(upstream:remoteref) refs/heads/master refs/remotes/master [4ms]
2023-08-14 13:03:20.414 [info] > git status -z -uall [49ms]
