0 verbose cli /usr/bin/node /usr/bin/npm
1 info using npm@8.19.4
2 info using node@v16.20.2
3 timing npm:load:whichnode Completed in 0ms
4 timing config:load:defaults Completed in 3ms
5 timing config:load:file:/usr/lib/node_modules/npm/npmrc Completed in 1ms
6 timing config:load:builtin Completed in 1ms
7 timing config:load:cli Completed in 1ms
8 timing config:load:env Completed in 0ms
9 timing config:load:project Completed in 3ms
10 timing config:load:file:/home/alice/.npmrc Completed in 0ms
11 timing config:load:user Completed in 0ms
12 timing config:load:file:/usr/etc/npmrc Completed in 0ms
13 timing config:load:global Completed in 0ms
14 timing config:load:validate Completed in 0ms
15 timing config:load:credentials Completed in 1ms
16 timing config:load:setEnvs Completed in 0ms
17 timing config:load Completed in 10ms
18 timing npm:load:configload Completed in 10ms
19 timing npm:load:mkdirpcache Completed in 1ms
20 timing npm:load:mkdirplogs Completed in 1ms
21 verbose title npm install n
22 verbose argv "install" "--global" "n"
23 timing npm:load:setTitle Completed in 1ms
24 timing config:load:flatten Completed in 2ms
25 timing npm:load:display Completed in 4ms
26 verbose logfile logs-max:10 dir:/home/alice/.npm/_logs
27 verbose logfile /home/alice/.npm/_logs/2023-08-13T23_40_36_227Z-debug-0.log
28 timing npm:load:logFile Completed in 6ms
29 timing npm:load:timers Completed in 0ms
30 timing npm:load:configScope Completed in 0ms
31 timing npm:load Completed in 23ms
32 timing arborist:ctor Completed in 0ms
33 silly logfile done cleaning log files
34 timing idealTree:init Completed in 3ms
35 timing idealTree:userRequests Completed in 1ms
36 silly idealTree buildDeps
37 silly fetch manifest n@*
38 http fetch GET 200 https://registry.npmjs.org/npm 456ms (cache miss)
39 http fetch GET 200 https://registry.npmjs.org/n 696ms (cache miss)
40 silly placeDep ROOT n@9.1.0 OK for:  want: *
41 timing idealTree:#root Completed in 701ms
42 timing idealTree:node_modules/n Completed in 0ms
43 timing idealTree:buildDeps Completed in 702ms
44 timing idealTree:fixDepFlags Completed in 0ms
45 timing idealTree Completed in 707ms
46 timing reify:loadTrees Completed in 709ms
47 timing reify:diffTrees Completed in 1ms
48 silly reify moves {}
49 timing reify:retireShallow Completed in 1ms
50 timing reify:rollback:createSparse Completed in 0ms
51 timing reify:rollback:retireShallow Completed in 0ms
52 timing command:install Completed in 734ms
53 notice
53 notice New [31mmajor[39m version of npm available! [31m8.19.4[39m -> [32m9.8.1[39m
53 notice Changelog: [36mhttps://github.com/npm/cli/releases/tag/v9.8.1[39m
53 notice Run [32mnpm install -g npm@9.8.1[39m to update!
53 notice
54 verbose stack Error: EACCES: permission denied, mkdir '/usr/lib/node_modules/n'
55 verbose cwd /home/alice
56 verbose Linux 4.4.0-22621-Microsoft
57 verbose node v16.20.2
58 verbose npm  v8.19.4
59 error code EACCES
60 error syscall mkdir
61 error path /usr/lib/node_modules/n
62 error errno -13
63 error [Error: EACCES: permission denied, mkdir '/usr/lib/node_modules/n'] {
63 error   errno: -13,
63 error   code: 'EACCES',
63 error   syscall: 'mkdir',
63 error   path: '/usr/lib/node_modules/n'
63 error }
64 error
64 error The operation was rejected by your operating system.
64 error It is likely you do not have the permissions to access this file as the current user
64 error
64 error If you believe this might be a permissions issue, please double-check the
64 error permissions of the file and its containing directories, or try running
64 error the command again as root/Administrator.
65 verbose exit -13
66 timing npm Completed in 870ms
67 verbose unfinished npm timer reify 1691970036359
68 verbose unfinished npm timer reify:createSparse 1691970037090
69 verbose code -13
70 error A complete log of this run can be found in:
70 error     /home/alice/.npm/_logs/2023-08-13T23_40_36_227Z-debug-0.log
